{"/Users/shouhei/WorkSpace/sample/js/test/spec/client/hoge-spec.js":{"path":"/Users/shouhei/WorkSpace/sample/js/test/spec/client/hoge-spec.js","s":{"1":1,"2":1,"3":1,"4":1,"5":1,"6":1,"7":1,"8":1,"9":1},"b":{},"f":{"1":1,"2":1,"3":1,"4":1},"fnMap":{"1":{"name":"(anonymous_1)","line":5,"loc":{"start":{"line":3,"column":19},"end":{"line":3,"column":25}}},"2":{"name":"(anonymous_2)","line":6,"loc":{"start":{"line":4,"column":46},"end":{"line":4,"column":52}}},"3":{"name":"(anonymous_3)","line":9,"loc":{"start":{"line":7,"column":46},"end":{"line":7,"column":52}}},"4":{"name":"(anonymous_4)","line":12,"loc":{"start":{"line":10,"column":43},"end":{"line":10,"column":49}}}},"statementMap":{"1":{"end":{"line":1,"column":-15},"start":{"line":1,"column":-15}},"2":{"end":{"line":2,"column":0},"start":{"line":2,"column":0}},"3":{"end":{"line":3,"column":0},"start":{"line":3,"column":0}},"4":{"end":{"line":4,"column":2},"start":{"line":4,"column":2}},"5":{"end":{"line":5,"column":6},"start":{"line":5,"column":6}},"6":{"end":{"line":7,"column":2},"start":{"line":7,"column":2}},"7":{"end":{"line":8,"column":4},"start":{"line":8,"column":4}},"8":{"end":{"line":10,"column":2},"start":{"line":10,"column":2}},"9":{"end":{"line":11,"column":4},"start":{"line":11,"column":4}}},"branchMap":{}},"/Users/shouhei/WorkSpace/sample/js/test/hoge.js":{"path":"/Users/shouhei/WorkSpace/sample/js/test/hoge.js","s":{"1":1,"2":3,"3":1,"4":2,"5":1},"b":{"1":[1,2],"2":[1,1]},"f":{"1":3},"fnMap":{"1":{"name":"detect","line":3,"loc":{"start":{"line":2,"column":17},"end":{"line":2,"column":36}}}},"statementMap":{"1":{"end":{"line":2,"column":0},"start":{"line":2,"column":0}},"2":{"end":{"line":5,"column":5},"start":{"line":3,"column":4}},"3":{"end":{"line":4,"column":8},"start":{"line":4,"column":8}},"4":{"end":{"line":8,"column":5},"start":{"line":6,"column":4}},"5":{"end":{"line":7,"column":8},"start":{"line":7,"column":8}}},"branchMap":{"1":{"line":4,"type":"if","locations":[{"end":{"line":3,"column":4},"start":{"line":3,"column":4}},{"end":{"line":3,"column":4},"start":{"line":3,"column":4}}]},"2":{"line":7,"type":"if","locations":[{"end":{"line":6,"column":4},"start":{"line":6,"column":4}},{"end":{"line":6,"column":4},"start":{"line":6,"column":4}}]}}},"/Users/shouhei/WorkSpace/sample/js/test/spec/client/sample-spec.js":{"path":"/Users/shouhei/WorkSpace/sample/js/test/spec/client/sample-spec.js","s":{"1":1,"2":1,"3":1,"4":1,"5":1},"b":{},"f":{"1":1,"2":1},"fnMap":{"1":{"name":"(anonymous_1)","line":5,"loc":{"start":{"line":3,"column":16},"end":{"line":3,"column":27}}},"2":{"name":"(anonymous_2)","line":6,"loc":{"start":{"line":4,"column":42},"end":{"line":4,"column":54}}}},"statementMap":{"1":{"end":{"line":1,"column":-15},"start":{"line":1,"column":-15}},"2":{"end":{"line":2,"column":0},"start":{"line":2,"column":0}},"3":{"end":{"line":3,"column":0},"start":{"line":3,"column":0}},"4":{"end":{"line":4,"column":2},"start":{"line":4,"column":2}},"5":{"end":{"line":5,"column":6},"start":{"line":5,"column":6}}},"branchMap":{}},"/Users/shouhei/WorkSpace/sample/js/test/sample.js":{"path":"/Users/shouhei/WorkSpace/sample/js/test/sample.js","s":{"1":1,"2":1},"b":{},"f":{"1":1},"fnMap":{"1":{"name":"sum","line":3,"loc":{"start":{"line":2,"column":17},"end":{"line":2,"column":36}}}},"statementMap":{"1":{"end":{"line":2,"column":0},"start":{"line":2,"column":0}},"2":{"end":{"line":3,"column":4},"start":{"line":3,"column":4}}},"branchMap":{}}}